build/app/intermediates/manifest_merge_blame_file/debug/manifest-merger-blame-debug-report.txt
1<?xml version="1.0" encoding="utf-8"?>
2<manifest xmlns:android="http://schemas.android.com/apk/res/android"
3    package="com.example.control_hyundai"
4    android:versionCode="1"
5    android:versionName="0.1.0" >
6
7    <uses-sdk
8        android:minSdkVersion="19"
9        android:targetSdkVersion="33" />
10
11    <uses-permission android:name="android.permission.TRANSMIT_IR" />
11-->src/main/AndroidManifest.xml:2:5-70
11-->src/main/AndroidManifest.xml:2:22-67
12    <uses-permission android:name="android.permission.INTERNET" />
12-->src/debug/AndroidManifest.xml:3:5-66
12-->src/debug/AndroidManifest.xml:3:22-64
13    <uses-permission android:name="android.permission.VIBRATE" />
13-->[:vibration] AndroidManifest.xml:9:5-66
13-->[:vibration] AndroidManifest.xml:9:22-63
14
15    <application
16        android:name="android.app.Application"
17        android:appComponentFactory="androidx.core.app.CoreComponentFactory"
17-->[androidx.core:core:1.6.0] AndroidManifest.xml:24:18-86
18        android:debuggable="true"
19        android:icon="@mipmap/ic_launcher"
20        android:label="control_hyundai" >
21        <activity
22            android:name="com.example.control_hyundai.MainActivity"
23            android:configChanges="orientation|keyboardHidden|keyboard|screenSize|smallestScreenSize|locale|layoutDirection|fontScale|screenLayout|density|uiMode"
24            android:exported="true"
25            android:hardwareAccelerated="true"
26            android:launchMode="singleTop"
27            android:theme="@style/LaunchTheme"
28            android:windowSoftInputMode="adjustResize" >
29
30            <!--
31                 Specifies an Android theme to apply to this Activity as soon as
32                 the Android process has started. This theme is visible to the user
33                 while the Flutter UI initializes. After that, this theme continues
34                 to determine the Window background behind the Flutter UI.
35            -->
36            <meta-data
37                android:name="io.flutter.embedding.android.NormalTheme"
38                android:resource="@style/NormalTheme" />
39
40            <intent-filter>
41                <action android:name="android.intent.action.MAIN" />
42
43                <category android:name="android.intent.category.LAUNCHER" />
44            </intent-filter>
45        </activity>
46        <!--
47             Don't delete the meta-data below.
48             This is used by the Flutter tool to generate GeneratedPluginRegistrant.java
49        -->
50        <meta-data
51            android:name="flutterEmbedding"
52            android:value="2" />
53
54        <uses-library
54-->[androidx.window:window:1.0.0-beta04] AndroidManifest.xml:25:9-27:40
55            android:name="androidx.window.extensions"
55-->[androidx.window:window:1.0.0-beta04] AndroidManifest.xml:26:13-54
56            android:required="false" />
56-->[androidx.window:window:1.0.0-beta04] AndroidManifest.xml:27:13-37
57        <uses-library
57-->[androidx.window:window:1.0.0-beta04] AndroidManifest.xml:28:9-30:40
58            android:name="androidx.window.sidecar"
58-->[androidx.window:window:1.0.0-beta04] AndroidManifest.xml:29:13-51
59            android:required="false" />
59-->[androidx.window:window:1.0.0-beta04] AndroidManifest.xml:30:13-37
60    </application>
61
62</manifest>